# JRE version: OpenJDK Runtime Environment (11.0.13) (build 11.0.13+0-b1751.21-8125866)
# Java VM: OpenJDK 64-Bit Server VM (11.0.13+0-b1751.21-8125866, mixed mode, tiered, compressed oops, g1 gc, windows-amd64)
Heap:
 garbage-first heap   total 258048K, used 92376K [0x0000000080000000, 0x0000000100000000)
  region size 1024K, 24 young (24576K), 18 survivors (18432K)
 Metaspace       used 92269K, capacity 95026K, committed 95312K, reserved 1132544K
  class space    used 11929K, capacity 12944K, committed 13056K, reserved 1048576K
GC Heap History (20 events):
Event: 0.305 GC heap after
{Heap after GC invocations=1 (full 0):
 garbage-first heap   total 258048K, used 9559K [0x0000000080000000, 0x0000000100000000)
  region size 1024K, 3 young (3072K), 3 survivors (3072K)
 Metaspace       used 10130K, capacity 10387K, committed 10624K, reserved 1058816K
  class space    used 1031K, capacity 1106K, committed 1152K, reserved 1048576K
}
Event: 0.900 GC heap before
{Heap before GC invocations=1 (full 0):
 garbage-first heap   total 258048K, used 117079K [0x0000000080000000, 0x0000000100000000)
  region size 1024K, 109 young (111616K), 3 survivors (3072K)
 Metaspace       used 20811K, capacity 21197K, committed 21296K, reserved 1069056K
  class space    used 2511K, capacity 2648K, committed 2688K, reserved 1048576K
}
Event: 0.905 GC heap after
{Heap after GC invocations=2 (full 0):
 garbage-first heap   total 258048K, used 17182K [0x0000000080000000, 0x0000000100000000)
  region size 1024K, 11 young (11264K), 11 survivors (11264K)
 Metaspace       used 20811K, capacity 21197K, committed 21296K, reserved 1069056K
  class space    used 2511K, capacity 2648K, committed 2688K, reserved 1048576K
}
Event: 1.042 GC heap before
{Heap before GC invocations=3 (full 0):
 garbage-first heap   total 258048K, used 51998K [0x0000000080000000, 0x0000000100000000)
  region size 1024K, 45 young (46080K), 11 survivors (11264K)
 Metaspace       used 24118K, capacity 24695K, committed 25008K, reserved 1071104K
  class space    used 3041K, capacity 3223K, committed 3328K, reserved 1048576K
}
Event: 1.045 GC heap after
{Heap after GC invocations=4 (full 0):
 garbage-first heap   total 258048K, used 18417K [0x0000000080000000, 0x0000000100000000)
  region size 1024K, 2 young (2048K), 2 survivors (2048K)
 Metaspace       used 24118K, capacity 24695K, committed 25008K, reserved 1071104K
  class space    used 3041K, capacity 3223K, committed 3328K, reserved 1048576K
}
Event: 1.481 GC heap before
{Heap before GC invocations=4 (full 0):
 garbage-first heap   total 258048K, used 102385K [0x0000000080000000, 0x0000000100000000)
  region size 1024K, 85 young (87040K), 2 survivors (2048K)
 Metaspace       used 35070K, capacity 35806K, committed 35920K, reserved 1081344K
  class space    used 4483K, capacity 4786K, committed 4864K, reserved 1048576K
}
Event: 1.485 GC heap after
{Heap after GC invocations=5 (full 0):
 garbage-first heap   total 258048K, used 22146K [0x0000000080000000, 0x0000000100000000)
  region size 1024K, 6 young (6144K), 6 survivors (6144K)
 Metaspace       used 35070K, capacity 35806K, committed 35920K, reserved 1081344K
  class space    used 4483K, capacity 4786K, committed 4864K, reserved 1048576K
}
Event: 2.114 GC heap before
{Heap before GC invocations=6 (full 0):
 garbage-first heap   total 258048K, used 150146K [0x0000000080000000, 0x0000000100000000)
  region size 1024K, 128 young (131072K), 6 survivors (6144K)
 Metaspace       used 45478K, capacity 46500K, committed 46672K, reserved 1089536K
  class space    used 5756K, capacity 6140K, committed 6144K, reserved 1048576K
}
Event: 2.119 GC heap after
{Heap after GC invocations=7 (full 0):
 garbage-first heap   total 258048K, used 29389K [0x0000000080000000, 0x0000000100000000)
  region size 1024K, 13 young (13312K), 13 survivors (13312K)
 Metaspace       used 45478K, capacity 46500K, committed 46672K, reserved 1089536K
  class space    used 5756K, capacity 6140K, committed 6144K, reserved 1048576K
}
Event: 3.911 GC heap before
{Heap before GC invocations=7 (full 0):
 garbage-first heap   total 258048K, used 174797K [0x0000000080000000, 0x0000000100000000)
  region size 1024K, 151 young (154624K), 13 survivors (13312K)
 Metaspace       used 54732K, capacity 56175K, committed 56272K, reserved 1097728K
  class space    used 6915K, capacity 7498K, committed 7552K, reserved 1048576K
}
Event: 3.919 GC heap after
{Heap after GC invocations=8 (full 0):
 garbage-first heap   total 258048K, used 42979K [0x0000000080000000, 0x0000000100000000)
  region size 1024K, 17 young (17408K), 17 survivors (17408K)
 Metaspace       used 54732K, capacity 56175K, committed 56272K, reserved 1097728K
  class space    used 6915K, capacity 7498K, committed 7552K, reserved 1048576K
}
Event: 4.109 GC heap before
{Heap before GC invocations=8 (full 0):
 garbage-first heap   total 258048K, used 66531K [0x0000000080000000, 0x0000000100000000)
  region size 1024K, 41 young (41984K), 17 survivors (17408K)
 Metaspace       used 58654K, capacity 60128K, committed 60240K, reserved 1101824K
  class space    used 7367K, capacity 7916K, committed 7936K, reserved 1048576K
}
Event: 4.119 GC heap after
{Heap after GC invocations=9 (full 0):
 garbage-first heap   total 258048K, used 44589K [0x0000000080000000, 0x0000000100000000)
  region size 1024K, 12 young (12288K), 12 survivors (12288K)
 Metaspace       used 58654K, capacity 60128K, committed 60240K, reserved 1101824K
  class space    used 7367K, capacity 7916K, committed 7936K, reserved 1048576K
}
Event: 4.702 GC heap before
{Heap before GC invocations=10 (full 0):
 garbage-first heap   total 258048K, used 181805K [0x0000000080000000, 0x0000000100000000)
  region size 1024K, 139 young (142336K), 12 survivors (12288K)
 Metaspace       used 66158K, capacity 67776K, committed 67920K, reserved 1107968K
  class space    used 8314K, capacity 8955K, committed 8960K, reserved 1048576K
}
Event: 4.711 GC heap after
{Heap after GC invocations=11 (full 0):
 garbage-first heap   total 258048K, used 54811K [0x0000000080000000, 0x0000000100000000)
  region size 1024K, 12 young (12288K), 12 survivors (12288K)
 Metaspace       used 66158K, capacity 67776K, committed 67920K, reserved 1107968K
  class space    used 8314K, capacity 8955K, committed 8960K, reserved 1048576K
}
Event: 5.570 GC heap before
{Heap before GC invocations=11 (full 0):
 garbage-first heap   total 258048K, used 181787K [0x0000000080000000, 0x0000000100000000)
  region size 1024K, 136 young (139264K), 12 survivors (12288K)
 Metaspace       used 79322K, capacity 81134K, committed 81232K, reserved 1120256K
  class space    used 10257K, capacity 10977K, committed 11008K, reserved 1048576K
}
Event: 5.578 GC heap after
{Heap after GC invocations=12 (full 0):
 garbage-first heap   total 258048K, used 63025K [0x0000000080000000, 0x0000000100000000)
  region size 1024K, 9 young (9216K), 9 survivors (9216K)
 Metaspace       used 79322K, capacity 81134K, committed 81232K, reserved 1120256K
  class space    used 10257K, capacity 10977K, committed 11008K, reserved 1048576K
}
Event: 6.187 GC heap before
{Heap before GC invocations=12 (full 0):
 garbage-first heap   total 258048K, used 187953K [0x0000000080000000, 0x0000000100000000)
  region size 1024K, 132 young (135168K), 9 survivors (9216K)
 Metaspace       used 83545K, capacity 85999K, committed 86224K, reserved 1124352K
  class space    used 10931K, capacity 11890K, committed 11904K, reserved 1048576K
}
Event: 6.194 GC heap after
{Heap after GC invocations=13 (full 0):
 garbage-first heap   total 258048K, used 71496K [0x0000000080000000, 0x0000000100000000)
  region size 1024K, 17 young (17408K), 17 survivors (17408K)
 Metaspace       used 83545K, capacity 85999K, committed 86224K, reserved 1124352K
  class space    used 10931K, capacity 11890K, committed 11904K, reserved 1048576K
}
Event: 7.361 GC heap before
{Heap before GC invocations=13 (full 0):
 garbage-first heap   total 258048K, used 195400K [0x0000000080000000, 0x0000000100000000)
  region size 1024K, 137 young (140288K), 17 survivors (17408K)
 Metaspace       used 91904K, capacity 94640K, committed 94672K, reserved 1130496K
  class space    used 11898K, capacity 12924K, committed 12928K, reserved 1048576K
}

