# JRE version: OpenJDK Runtime Environment (11.0.13) (build 11.0.13+0-b1751.21-8125866)
# Java VM: OpenJDK 64-Bit Server VM (11.0.13+0-b1751.21-8125866, mixed mode, tiered, compressed oops, g1 gc, windows-amd64)
Heap:
 garbage-first heap   total 258048K, used 55183K [0x0000000080000000, 0x0000000100000000)
  region size 1024K, 39 young (39936K), 6 survivors (6144K)
 Metaspace       used 37694K, capacity 38510K, committed 38736K, reserved 1083392K
  class space    used 4784K, capacity 5108K, committed 5120K, reserved 1048576K
GC Heap History (8 events):
Event: 0.287 GC heap before
{Heap before GC invocations=0 (full 0):
 garbage-first heap   total 258048K, used 29696K [0x0000000080000000, 0x0000000100000000)
  region size 1024K, 24 young (24576K), 0 survivors (0K)
 Metaspace       used 10137K, capacity 10387K, committed 10624K, reserved 1058816K
  class space    used 1031K, capacity 1106K, committed 1152K, reserved 1048576K
}
Event: 0.289 GC heap after
{Heap after GC invocations=1 (full 0):
 garbage-first heap   total 258048K, used 9629K [0x0000000080000000, 0x0000000100000000)
  region size 1024K, 3 young (3072K), 3 survivors (3072K)
 Metaspace       used 10137K, capacity 10387K, committed 10624K, reserved 1058816K
  class space    used 1031K, capacity 1106K, committed 1152K, reserved 1048576K
}
Event: 0.889 GC heap before
{Heap before GC invocations=1 (full 0):
 garbage-first heap   total 258048K, used 116125K [0x0000000080000000, 0x0000000100000000)
  region size 1024K, 108 young (110592K), 3 survivors (3072K)
 Metaspace       used 20804K, capacity 21197K, committed 21296K, reserved 1069056K
  class space    used 2511K, capacity 2648K, committed 2688K, reserved 1048576K
}
Event: 0.896 GC heap after
{Heap after GC invocations=2 (full 0):
 garbage-first heap   total 258048K, used 17238K [0x0000000080000000, 0x0000000100000000)
  region size 1024K, 11 young (11264K), 11 survivors (11264K)
 Metaspace       used 20804K, capacity 21197K, committed 21296K, reserved 1069056K
  class space    used 2511K, capacity 2648K, committed 2688K, reserved 1048576K
}
Event: 1.185 GC heap before
{Heap before GC invocations=3 (full 0):
 garbage-first heap   total 258048K, used 82774K [0x0000000080000000, 0x0000000100000000)
  region size 1024K, 75 young (76800K), 11 survivors (11264K)
 Metaspace       used 27216K, capacity 27891K, committed 28080K, reserved 1073152K
  class space    used 3514K, capacity 3740K, committed 3840K, reserved 1048576K
}
Event: 1.190 GC heap after
{Heap after GC invocations=4 (full 0):
 garbage-first heap   total 258048K, used 19662K [0x0000000080000000, 0x0000000100000000)
  region size 1024K, 3 young (3072K), 3 survivors (3072K)
 Metaspace       used 27216K, capacity 27891K, committed 28080K, reserved 1073152K
  class space    used 3514K, capacity 3740K, committed 3840K, reserved 1048576K
}
Event: 1.595 GC heap before
{Heap before GC invocations=4 (full 0):
 garbage-first heap   total 258048K, used 70862K [0x0000000080000000, 0x0000000100000000)
  region size 1024K, 55 young (56320K), 3 survivors (3072K)
 Metaspace       used 35091K, capacity 35806K, committed 35920K, reserved 1081344K
  class space    used 4485K, capacity 4786K, committed 4864K, reserved 1048576K
}
Event: 1.599 GC heap after
{Heap after GC invocations=5 (full 0):
 garbage-first heap   total 258048K, used 22415K [0x0000000080000000, 0x0000000100000000)
  region size 1024K, 6 young (6144K), 6 survivors (6144K)
 Metaspace       used 35091K, capacity 35806K, committed 35920K, reserved 1081344K
  class space    used 4485K, capacity 4786K, committed 4864K, reserved 1048576K
}

